#
# A fatal error has been detected by the Java Runtime Environment:
#
#  EXCEPTION_ACCESS_VIOLATION (0xc0000005) at pc=0x00007ffc2728e8a0, pid=14312, tid=18296
#
# JRE version: Java(TM) SE Runtime Environment (19.0.1+10) (build 19.0.1+10-21)
# Java VM: Java HotSpot(TM) 64-Bit Server VM (19.0.1+10-21, mixed mode, sharing, tiered, compressed oops, compressed class ptrs, g1 gc, windows-amd64)
# Problematic frame:
# C  [nvoglv64.dll+0xe4e8a0]
#
# No core dump will be written. Minidumps are not enabled by default on client versions of Windows
#
# If you would like to submit a bug report, please visit:
#   https://bugreport.java.com/bugreport/crash.jsp
# The crash happened outside the Java Virtual Machine in native code.
# See problematic frame for where to report the bug.
#

---------------  S U M M A R Y ------------

Command Line: -javaagent:C:\Users\fabif\AppData\Local\JetBrains\Toolbox\apps\IDEA-U\ch-0\222.4345.14\lib\idea_rt.jar=59382:C:\Users\fabif\AppData\Local\JetBrains\Toolbox\apps\IDEA-U\ch-0\222.4345.14\bin -Dfile.encoding=UTF-8 -Dsun.stdout.encoding=UTF-8 -Dsun.stderr.encoding=UTF-8 de.fabulousfox.Client

Host: AMD Ryzen 5 5600X 6-Core Processor             , 12 cores, 15G,  Windows 10 , 64 bit Build 19041 (10.0.19041.2546)
Time: Fri Feb 24 19:33:38 2023 Mitteleuropäische Zeit elapsed time: 0.460535 seconds (0d 0h 0m 0s)

---------------  T H R E A D  ---------------

Current thread (0x000001e76a930cd0):  JavaThread "main" [_thread_in_native, id=18296, stack(0x000000d385100000,0x000000d385200000)]

Stack: [0x000000d385100000,0x000000d385200000],  sp=0x000000d3851ff380,  free space=1020k
Native frames: (J=compiled Java code, j=interpreted, Vv=VM code, C=native code)
C  [nvoglv64.dll+0xe4e8a0]

Java frames: (J=compiled Java code, j=interpreted, Vv=VM code)
j  org.lwjgl.opengl.GL11C.nglDrawElements(IIIJ)V+0
j  org.lwjgl.opengl.GL11C.glDrawElements(IIIJ)V+4
j  org.lwjgl.opengl.GL11.glDrawElements(IIIJ)V+4
j  de.fabulousfox.engine.Renderer.render(Lorg/joml/Vector3f;Lorg/joml/Vector3f;)V+238
j  de.fabulousfox.Client.renderer()V+603
j  de.fabulousfox.Client.<init>()V+88
j  de.fabulousfox.Client.main([Ljava/lang/String;)V+4
v  ~StubRoutines::call_stub 0x000001e70753100e

siginfo: EXCEPTION_ACCESS_VIOLATION (0xc0000005), reading address 0x0000000000000000


Registers:
RAX=0x00000000fffffffc, RBX=0x0000000000000000, RCX=0x000001e713d92940, RDX=0x0000000000000000
RSP=0x000000d3851ff380, RBP=0x00000000000000bc, RSI=0x0000000000000024, RDI=0x000001e71400e080
R8 =0x0000000000000004, R9 =0x000001e713d92918, R10=0x000001e713d92930, R11=0x0000000000000004
R12=0x000001e713d92940, R13=0x0000000000001405, R14=0x0000000000000090, R15=0x0000000000000000
RIP=0x00007ffc2728e8a0, EFLAGS=0x0000000000010297


Register to memory mapping:

RIP=0x00007ffc2728e8a0 nvoglv64.dll
RAX=0x00000000fffffffc is an unknown value
RBX=0x0 is NULL
RCX=0x000001e713d92940 points into unknown readable memory: 0x0000000000000000 | 00 00 00 00 00 00 00 00
RDX=0x0 is NULL
RSP=0x000000d3851ff380 is pointing into the stack for thread: 0x000001e76a930cd0
RBP=0x00000000000000bc is an unknown value
RSI=0x0000000000000024 is an unknown value
RDI=0x000001e71400e080 points into unknown readable memory: 0x0000000000000000 | 00 00 00 00 00 00 00 00
R8 =0x0000000000000004 is an unknown value
R9 =0x000001e713d92918 points into unknown readable memory: 0x000000040005e006 | 06 e0 05 00 04 00 00 00
R10=0x000001e713d92930 points into unknown readable memory: 0x0000000000000000 | 00 00 00 00 00 00 00 00
R11=0x0000000000000004 is an unknown value
R12=0x000001e713d92940 points into unknown readable memory: 0x0000000000000000 | 00 00 00 00 00 00 00 00
R13=0x0000000000001405 is an unknown value
R14=0x0000000000000090 is an unknown value
R15=0x0 is NULL


Top of Stack: (sp=0x000000d3851ff380)
0x000000d3851ff380:   000001e77f6fbb30 000001e70f60abb0
0x000000d3851ff390:   000000d3851ff4a0 00007ffc50eed215
0x000000d3851ff3a0:   000001e70756880e 000000000017555d
0x000000d3851ff3b0:   000001e76a930cd0 000001e76a930cd0
0x000000d3851ff3c0:   000001e70f60abb0 000001e76a930cd0
0x000000d3851ff3d0:   0000000000000000 0000000000000000
0x000000d3851ff3e0:   000001e76a930cd0 000001e70f60abb0
0x000000d3851ff3f0:   0000000000000000 000001e70754b796
0x000000d3851ff400:   000001e77f6fbb30 000001e70754f95d
0x000000d3851ff410:   000000d3851ff4a0 000000d3851ff401
0x000000d3851ff420:   000000d3851ff4e0 000001e70f60abb0
0x000000d3851ff430:   000001e700001405 0000000000000000
0x000000d3851ff440:   3ff0000000000000 000001e76a930cd0
0x000000d3851ff450:   000001e70754f5f6 000000d3851ff458
0x000000d3851ff460:   000001e70f60abb0 000000d3851ff4e0
0x000000d3851ff470:   000001e70f6156b0 0000000000000000 

Instructions: (pc=0x00007ffc2728e8a0)
0x00007ffc2728e7a0:   39 00 48 8b ac 24 90 00 00 00 4c 8b b4 24 a0 00
0x00007ffc2728e7b0:   00 00 48 8b 9c 24 a8 00 00 00 48 83 c4 60 41 5f
0x00007ffc2728e7c0:   41 5d 41 5c 5f 5e c3 4c 8b 4f 40 8b c3 48 8b 4f
0x00007ffc2728e7d0:   50 49 2b c9 48 c1 f9 02 85 c9 0f 49 c1 c1 e0 02
0x00007ffc2728e7e0:   3b e8 72 0e 8b d5 48 8b cf e8 02 69 21 00 4c 8b
0x00007ffc2728e7f0:   4f 40 8b c5 45 89 61 04 c1 e0 0b 83 c8 06 41 89
0x00007ffc2728e800:   71 08 41 89 01 45 89 69 0c 4d 89 79 10 38 9c 24
0x00007ffc2728e810:   98 00 00 00 0f 84 0f 01 00 00 4c 8b 57 40 41 8d
0x00007ffc2728e820:   47 0f 83 e0 f0 49 83 c2 18 41 2b c7 0f 57 db d1
0x00007ffc2728e830:   f8 49 8b d7 44 8b c6 66 0f 7f 5c 24 50 49 8d 4a
0x00007ffc2728e840:   04 03 c1 49 8d 4a 04 f7 d8 83 e0 0f 48 03 c8 4c
0x00007ffc2728e850:   8b e1 41 f6 c7 0f 74 1c 45 85 c0 74 17 8b 02 41
0x00007ffc2728e860:   ff c8 66 89 01 0b d8 48 83 c1 02 48 83 c2 04 f6
0x00007ffc2728e870:   c2 0f 75 e4 41 83 f8 08 7e 6a 66 0f 6f 25 6e 69
0x00007ffc2728e880:   a5 01 41 8d 40 f7 66 0f 6f 2d 72 69 a5 01 c1 e8
0x00007ffc2728e890:   03 ff c0 44 8b d8 f7 d8 45 8d 04 c0 0f 1f 40 00
0x00007ffc2728e8a0:   f3 0f 6f 12 f3 0f 6f 4a 10 66 0f 6f c2 66 0f eb
0x00007ffc2728e8b0:   c3 48 83 c2 20 66 0f 6f d8 66 0f eb d9 0f 18 02
0x00007ffc2728e8c0:   66 0f fe d4 66 0f fe cc 66 0f 6b d1 66 0f fd d5
0x00007ffc2728e8d0:   f3 0f 7f 11 48 83 c1 10 49 83 eb 01 75 c2 66 0f
0x00007ffc2728e8e0:   7f 5c 24 50 8b 44 24 5c 0b 44 24 58 0b 44 24 54
0x00007ffc2728e8f0:   0b 44 24 50 0b d8 45 85 c0 74 1a 0f 1f 44 00 00
0x00007ffc2728e900:   8b 02 0b d8 66 89 01 48 8d 49 02 48 8d 52 04 41
0x00007ffc2728e910:   83 e8 01 75 eb 45 2b e2 45 89 22 f7 c3 00 00 ff
0x00007ffc2728e920:   ff 74 46 ff 87 ac 0c 8e 00 48 8b 5f 40 49 8b d7
0x00007ffc2728e930:   4d 63 c6 48 8d 4b 1c e8 64 55 a0 00 c7 43 18 04
0x00007ffc2728e940:   00 00 00 48 63 c5 48 83 e0 fc 48 01 47 40 48 8b
0x00007ffc2728e950:   47 40 48 3b 47 48 0f 82 46 fe ff ff 48 8b cf e8
0x00007ffc2728e960:   cc 63 21 00 e9 39 fe ff ff 41 c7 41 0c 03 14 00
0x00007ffc2728e970:   00 41 8b 2a 48 8b 47 40 83 c5 03 8d 6c 75 00 83
0x00007ffc2728e980:   e5 fc 83 c5 18 8b cd c1 e1 0b 83 c9 06 89 08 8b
0x00007ffc2728e990:   87 ac 0c 8e 00 85 c0 74 aa ff c8 89 87 ac 0c 8e 


Stack slot to memory mapping:
stack at sp + 0 slots: 0x000001e77f6fbb30 points into unknown readable memory: 0x7a69536c65786f76 | 76 6f 78 65 6c 53 69 7a
stack at sp + 1 slots: {method} {0x000001e70f60abb8} 'nglDrawElements' '(IIIJ)V' in 'org/lwjgl/opengl/GL11C'
stack at sp + 2 slots: 0x000000d3851ff4a0 is pointing into the stack for thread: 0x000001e76a930cd0
stack at sp + 3 slots: 0x00007ffc50eed215 jvm.dll
stack at sp + 4 slots: 0x000001e70756880e is at code_begin+5006 in 
[CodeBlob (0x000001e707567410)]
Framesize: 0
BufferBlob (0x000001e707567410) used for native signature handlers
stack at sp + 5 slots: 0x000000000017555d is an unknown value
stack at sp + 6 slots: 0x000001e76a930cd0 is a thread
stack at sp + 7 slots: 0x000001e76a930cd0 is a thread


---------------  P R O C E S S  ---------------

Threads class SMR info:
_java_thread_list=0x000001e713fa5f00, length=16, elements={
0x000001e76a930cd0, 0x000001e77f1d05b0, 0x000001e77f1d1540, 0x000001e77f1d9590,
0x000001e77f1daed0, 0x000001e77f1dd9b0, 0x000001e77f1e1c60, 0x000001e77f1e5330,
0x000001e77f1e5a50, 0x000001e77f1e7fe0, 0x000001e77f1a5350, 0x000001e77f562d10,
0x000001e77f5ab530, 0x000001e713e96930, 0x000001e713e96eb0, 0x000001e713f65430
}

Java Threads: ( => current thread )
=>0x000001e76a930cd0 JavaThread "main" [_thread_in_native, id=18296, stack(0x000000d385100000,0x000000d385200000)]
  0x000001e77f1d05b0 JavaThread "Reference Handler" daemon [_thread_blocked, id=18316, stack(0x000000d385800000,0x000000d385900000)]
  0x000001e77f1d1540 JavaThread "Finalizer" daemon [_thread_blocked, id=15684, stack(0x000000d385900000,0x000000d385a00000)]
  0x000001e77f1d9590 JavaThread "Signal Dispatcher" daemon [_thread_blocked, id=14596, stack(0x000000d385a00000,0x000000d385b00000)]
  0x000001e77f1daed0 JavaThread "Attach Listener" daemon [_thread_blocked, id=13576, stack(0x000000d385b00000,0x000000d385c00000)]
  0x000001e77f1dd9b0 JavaThread "Service Thread" daemon [_thread_blocked, id=11660, stack(0x000000d385c00000,0x000000d385d00000)]
  0x000001e77f1e1c60 JavaThread "Monitor Deflation Thread" daemon [_thread_blocked, id=2732, stack(0x000000d385d00000,0x000000d385e00000)]
  0x000001e77f1e5330 JavaThread "C2 CompilerThread0" daemon [_thread_blocked, id=4604, stack(0x000000d385e00000,0x000000d385f00000)]
  0x000001e77f1e5a50 JavaThread "C1 CompilerThread0" daemon [_thread_blocked, id=18488, stack(0x000000d385f00000,0x000000d386000000)]
  0x000001e77f1e7fe0 JavaThread "Sweeper thread" daemon [_thread_blocked, id=18540, stack(0x000000d386000000,0x000000d386100000)]
  0x000001e77f1a5350 JavaThread "Common-Cleaner" daemon [_thread_blocked, id=18032, stack(0x000000d386100000,0x000000d386200000)]
  0x000001e77f562d10 JavaThread "Monitor Ctrl-Break" daemon [_thread_in_native, id=18144, stack(0x000000d386200000,0x000000d386300000)]
  0x000001e77f5ab530 JavaThread "Notification Thread" daemon [_thread_blocked, id=18088, stack(0x000000d386300000,0x000000d386400000)]
  0x000001e713e96930 JavaThread "C2 CompilerThread1" daemon [_thread_blocked, id=17944, stack(0x000000d386b00000,0x000000d386c00000)]
  0x000001e713e96eb0 JavaThread "C2 CompilerThread2" daemon [_thread_blocked, id=18812, stack(0x000000d386c00000,0x000000d386d00000)]
  0x000001e713f65430 JavaThread "Java2D Disposer" daemon [_thread_blocked, id=13368, stack(0x000000d386d00000,0x000000d386e00000)]

Other Threads:
  0x000001e77f1b3c90 VMThread "VM Thread" [stack: 0x000000d385700000,0x000000d385800000] [id=17952]
  0x000001e77f5adbc0 WatcherThread "VM Periodic Task Thread" [stack: 0x000000d386400000,0x000000d386500000] [id=996]
  0x000001e76a99f770 WorkerThread "GC Thread#0" [stack: 0x000000d385200000,0x000000d385300000] [id=14540]
  0x000001e76a9b2670 ConcurrentGCThread "G1 Main Marker" [stack: 0x000000d385300000,0x000000d385400000] [id=4020]
  0x000001e76a9b4760 WorkerThread "G1 Conc#0" [stack: 0x000000d385400000,0x000000d385500000] [id=19120]
  0x000001e76a9fe630 ConcurrentGCThread "G1 Refine#0" [stack: 0x000000d385500000,0x000000d385600000] [id=16220]
  0x000001e77f0732c0 ConcurrentGCThread "G1 Service" [stack: 0x000000d385600000,0x000000d385700000] [id=5528]

Threads with active compile tasks:

VM state: not at safepoint (normal execution)

VM Mutex/Monitor currently owned by a thread: None

Heap address: 0x0000000701200000, size: 4078 MB, Compressed Oops mode: Zero based, Oop shift amount: 3

CDS archive(s) mapped at: [0x0000000800000000-0x0000000800c40000-0x0000000800c40000), size 12845056, SharedBaseAddress: 0x0000000800000000, ArchiveRelocationMode: 0.
Compressed class space mapped at: 0x0000000801000000-0x0000000841000000, reserved size: 1073741824
Narrow klass base: 0x0000000800000000, Narrow klass shift: 0, Narrow klass range: 0x100000000

GC Precious Log:
 CardTable entry size: 512
 Card Set container configuration: InlinePtr #cards 4 size 8 Array Of Cards #cards 16 size 48 Howl #buckets 8 coarsen threshold 3686 Howl Bitmap #cards 512 size 80 coarsen threshold 460 Card regions per heap region 1 cards per card region 4096
 CPUs: 12 total, 12 available
 Memory: 16310M
 Large Page Support: Disabled
 NUMA Support: Disabled
 Compressed Oops: Enabled (Zero based)
 Heap Region Size: 2M
 Heap Min Capacity: 8M
 Heap Initial Capacity: 256M
 Heap Max Capacity: 4078M
 Pre-touch: Disabled
 Parallel Workers: 10
 Concurrent Workers: 3
 Concurrent Refinement Workers: 10
 Periodic GC: Disabled

Heap:
 garbage-first heap   total 262144K, used 18432K [0x0000000701200000, 0x0000000800000000)
  region size 2048K, 11 young (22528K), 0 survivors (0K)
 Metaspace       used 8116K, committed 8320K, reserved 1114112K
  class space    used 455K, committed 512K, reserved 1048576K

Heap Regions: E=young(eden), S=young(survivor), O=old, HS=humongous(starts), HC=humongous(continues), CS=collection set, F=free, OA=open archive, CA=closed archive, TAMS=top-at-mark-start (previous, next)
|   0|0x0000000701200000, 0x0000000701200000, 0x0000000701400000|  0%| F|  |TAMS 0x0000000701200000, 0x0000000701200000| Untracked 
|   1|0x0000000701400000, 0x0000000701400000, 0x0000000701600000|  0%| F|  |TAMS 0x0000000701400000, 0x0000000701400000| Untracked 
|   2|0x0000000701600000, 0x0000000701600000, 0x0000000701800000|  0%| F|  |TAMS 0x0000000701600000, 0x0000000701600000| Untracked 
|   3|0x0000000701800000, 0x0000000701800000, 0x0000000701a00000|  0%| F|  |TAMS 0x0000000701800000, 0x0000000701800000| Untracked 
|   4|0x0000000701a00000, 0x0000000701a00000, 0x0000000701c00000|  0%| F|  |TAMS 0x0000000701a00000, 0x0000000701a00000| Untracked 
|   5|0x0000000701c00000, 0x0000000701c00000, 0x0000000701e00000|  0%| F|  |TAMS 0x0000000701c00000, 0x0000000701c00000| Untracked 
|   6|0x0000000701e00000, 0x0000000701e00000, 0x0000000702000000|  0%| F|  |TAMS 0x0000000701e00000, 0x0000000701e00000| Untracked 
|   7|0x0000000702000000, 0x0000000702000000, 0x0000000702200000|  0%| F|  |TAMS 0x0000000702000000, 0x0000000702000000| Untracked 
|   8|0x0000000702200000, 0x0000000702200000, 0x0000000702400000|  0%| F|  |TAMS 0x0000000702200000, 0x0000000702200000| Untracked 
|   9|0x0000000702400000, 0x0000000702400000, 0x0000000702600000|  0%| F|  |TAMS 0x0000000702400000, 0x0000000702400000| Untracked 
|  10|0x0000000702600000, 0x0000000702600000, 0x0000000702800000|  0%| F|  |TAMS 0x0000000702600000, 0x0000000702600000| Untracked 
|  11|0x0000000702800000, 0x0000000702800000, 0x0000000702a00000|  0%| F|  |TAMS 0x0000000702800000, 0x0000000702800000| Untracked 
|  12|0x0000000702a00000, 0x0000000702a00000, 0x0000000702c00000|  0%| F|  |TAMS 0x0000000702a00000, 0x0000000702a00000| Untracked 
|  13|0x0000000702c00000, 0x0000000702c00000, 0x0000000702e00000|  0%| F|  |TAMS 0x0000000702c00000, 0x0000000702c00000| Untracked 
|  14|0x0000000702e00000, 0x0000000702e00000, 0x0000000703000000|  0%| F|  |TAMS 0x0000000702e00000, 0x0000000702e00000| Untracked 
|  15|0x0000000703000000, 0x0000000703000000, 0x0000000703200000|  0%| F|  |TAMS 0x0000000703000000, 0x0000000703000000| Untracked 
|  16|0x0000000703200000, 0x0000000703200000, 0x0000000703400000|  0%| F|  |TAMS 0x0000000703200000, 0x0000000703200000| Untracked 
|  17|0x0000000703400000, 0x0000000703400000, 0x0000000703600000|  0%| F|  |TAMS 0x0000000703400000, 0x0000000703400000| Untracked 
|  18|0x0000000703600000, 0x0000000703600000, 0x0000000703800000|  0%| F|  |TAMS 0x0000000703600000, 0x0000000703600000| Untracked 
|  19|0x0000000703800000, 0x0000000703800000, 0x0000000703a00000|  0%| F|  |TAMS 0x0000000703800000, 0x0000000703800000| Untracked 
|  20|0x0000000703a00000, 0x0000000703a00000, 0x0000000703c00000|  0%| F|  |TAMS 0x0000000703a00000, 0x0000000703a00000| Untracked 
|  21|0x0000000703c00000, 0x0000000703c00000, 0x0000000703e00000|  0%| F|  |TAMS 0x0000000703c00000, 0x0000000703c00000| Untracked 
|  22|0x0000000703e00000, 0x0000000703e00000, 0x0000000704000000|  0%| F|  |TAMS 0x0000000703e00000, 0x0000000703e00000| Untracked 
|  23|0x0000000704000000, 0x0000000704000000, 0x0000000704200000|  0%| F|  |TAMS 0x0000000704000000, 0x0000000704000000| Untracked 
|  24|0x0000000704200000, 0x0000000704200000, 0x0000000704400000|  0%| F|  |TAMS 0x0000000704200000, 0x0000000704200000| Untracked 
|  25|0x0000000704400000, 0x0000000704400000, 0x0000000704600000|  0%| F|  |TAMS 0x0000000704400000, 0x0000000704400000| Untracked 
|  26|0x0000000704600000, 0x0000000704600000, 0x0000000704800000|  0%| F|  |TAMS 0x0000000704600000, 0x0000000704600000| Untracked 
|  27|0x0000000704800000, 0x0000000704800000, 0x0000000704a00000|  0%| F|  |TAMS 0x0000000704800000, 0x0000000704800000| Untracked 
|  28|0x0000000704a00000, 0x0000000704a00000, 0x0000000704c00000|  0%| F|  |TAMS 0x0000000704a00000, 0x0000000704a00000| Untracked 
|  29|0x0000000704c00000, 0x0000000704c00000, 0x0000000704e00000|  0%| F|  |TAMS 0x0000000704c00000, 0x0000000704c00000| Untracked 
|  30|0x0000000704e00000, 0x0000000704e00000, 0x0000000705000000|  0%| F|  |TAMS 0x0000000704e00000, 0x0000000704e00000| Untracked 
|  31|0x0000000705000000, 0x0000000705000000, 0x0000000705200000|  0%| F|  |TAMS 0x0000000705000000, 0x0000000705000000| Untracked 
|  32|0x0000000705200000, 0x0000000705200000, 0x0000000705400000|  0%| F|  |TAMS 0x0000000705200000, 0x0000000705200000| Untracked 
|  33|0x0000000705400000, 0x0000000705400000, 0x0000000705600000|  0%| F|  |TAMS 0x0000000705400000, 0x0000000705400000| Untracked 
|  34|0x0000000705600000, 0x0000000705600000, 0x0000000705800000|  0%| F|  |TAMS 0x0000000705600000, 0x0000000705600000| Untracked 
|  35|0x0000000705800000, 0x0000000705800000, 0x0000000705a00000|  0%| F|  |TAMS 0x0000000705800000, 0x0000000705800000| Untracked 
|  36|0x0000000705a00000, 0x0000000705a00000, 0x0000000705c00000|  0%| F|  |TAMS 0x0000000705a00000, 0x0000000705a00000| Untracked 
|  37|0x0000000705c00000, 0x0000000705c00000, 0x0000000705e00000|  0%| F|  |TAMS 0x0000000705c00000, 0x0000000705c00000| Untracked 
|  38|0x0000000705e00000, 0x0000000705e00000, 0x0000000706000000|  0%| F|  |TAMS 0x0000000705e00000, 0x0000000705e00000| Untracked 
|  39|0x0000000706000000, 0x0000000706000000, 0x0000000706200000|  0%| F|  |TAMS 0x0000000706000000, 0x0000000706000000| Untracked 
|  40|0x0000000706200000, 0x0000000706200000, 0x0000000706400000|  0%| F|  |TAMS 0x0000000706200000, 0x0000000706200000| Untracked 
|  41|0x0000000706400000, 0x0000000706400000, 0x0000000706600000|  0%| F|  |TAMS 0x0000000706400000, 0x0000000706400000| Untracked 
|  42|0x0000000706600000, 0x0000000706600000, 0x0000000706800000|  0%| F|  |TAMS 0x0000000706600000, 0x0000000706600000| Untracked 
|  43|0x0000000706800000, 0x0000000706800000, 0x0000000706a00000|  0%| F|  |TAMS 0x0000000706800000, 0x0000000706800000| Untracked 
|  44|0x0000000706a00000, 0x0000000706a00000, 0x0000000706c00000|  0%| F|  |TAMS 0x0000000706a00000, 0x0000000706a00000| Untracked 
|  45|0x0000000706c00000, 0x0000000706c00000, 0x0000000706e00000|  0%| F|  |TAMS 0x0000000706c00000, 0x0000000706c00000| Untracked 
|  46|0x0000000706e00000, 0x0000000706e00000, 0x0000000707000000|  0%| F|  |TAMS 0x0000000706e00000, 0x0000000706e00000| Untracked 
|  47|0x0000000707000000, 0x0000000707000000, 0x0000000707200000|  0%| F|  |TAMS 0x0000000707000000, 0x0000000707000000| Untracked 
|  48|0x0000000707200000, 0x0000000707200000, 0x0000000707400000|  0%| F|  |TAMS 0x0000000707200000, 0x0000000707200000| Untracked 
|  49|0x0000000707400000, 0x0000000707400000, 0x0000000707600000|  0%| F|  |TAMS 0x0000000707400000, 0x0000000707400000| Untracked 
|  50|0x0000000707600000, 0x0000000707600000, 0x0000000707800000|  0%| F|  |TAMS 0x0000000707600000, 0x0000000707600000| Untracked 
|  51|0x0000000707800000, 0x0000000707800000, 0x0000000707a00000|  0%| F|  |TAMS 0x0000000707800000, 0x0000000707800000| Untracked 
|  52|0x0000000707a00000, 0x0000000707a00000, 0x0000000707c00000|  0%| F|  |TAMS 0x0000000707a00000, 0x0000000707a00000| Untracked 
|  53|0x0000000707c00000, 0x0000000707c00000, 0x0000000707e00000|  0%| F|  |TAMS 0x0000000707c00000, 0x0000000707c00000| Untracked 
|  54|0x0000000707e00000, 0x0000000707e00000, 0x0000000708000000|  0%| F|  |TAMS 0x0000000707e00000, 0x0000000707e00000| Untracked 
|  55|0x0000000708000000, 0x0000000708000000, 0x0000000708200000|  0%| F|  |TAMS 0x0000000708000000, 0x0000000708000000| Untracked 
|  56|0x0000000708200000, 0x0000000708200000, 0x0000000708400000|  0%| F|  |TAMS 0x0000000708200000, 0x0000000708200000| Untracked 
|  57|0x0000000708400000, 0x0000000708400000, 0x0000000708600000|  0%| F|  |TAMS 0x0000000708400000, 0x0000000708400000| Untracked 
|  58|0x0000000708600000, 0x0000000708600000, 0x0000000708800000|  0%| F|  |TAMS 0x0000000708600000, 0x0000000708600000| Untracked 
|  59|0x0000000708800000, 0x0000000708800000, 0x0000000708a00000|  0%| F|  |TAMS 0x0000000708800000, 0x0000000708800000| Untracked 
|  60|0x0000000708a00000, 0x0000000708a00000, 0x0000000708c00000|  0%| F|  |TAMS 0x0000000708a00000, 0x0000000708a00000| Untracked 
|  61|0x0000000708c00000, 0x0000000708c00000, 0x0000000708e00000|  0%| F|  |TAMS 0x0000000708c00000, 0x0000000708c00000| Untracked 
|  62|0x0000000708e00000, 0x0000000708e00000, 0x0000000709000000|  0%| F|  |TAMS 0x0000000708e00000, 0x0000000708e00000| Untracked 
|  63|0x0000000709000000, 0x0000000709000000, 0x0000000709200000|  0%| F|  |TAMS 0x0000000709000000, 0x0000000709000000| Untracked 
|  64|0x0000000709200000, 0x0000000709200000, 0x0000000709400000|  0%| F|  |TAMS 0x0000000709200000, 0x0000000709200000| Untracked 
|  65|0x0000000709400000, 0x0000000709400000, 0x0000000709600000|  0%| F|  |TAMS 0x0000000709400000, 0x0000000709400000| Untracked 
|  66|0x0000000709600000, 0x0000000709600000, 0x0000000709800000|  0%| F|  |TAMS 0x0000000709600000, 0x0000000709600000| Untracked 
|  67|0x0000000709800000, 0x0000000709800000, 0x0000000709a00000|  0%| F|  |TAMS 0x0000000709800000, 0x0000000709800000| Untracked 
|  68|0x0000000709a00000, 0x0000000709a00000, 0x0000000709c00000|  0%| F|  |TAMS 0x0000000709a00000, 0x0000000709a00000| Untracked 
|  69|0x0000000709c00000, 0x0000000709c00000, 0x0000000709e00000|  0%| F|  |TAMS 0x0000000709c00000, 0x0000000709c00000| Untracked 
|  70|0x0000000709e00000, 0x0000000709e00000, 0x000000070a000000|  0%| F|  |TAMS 0x0000000709e00000, 0x0000000709e00000| Untracked 
|  71|0x000000070a000000, 0x000000070a000000, 0x000000070a200000|  0%| F|  |TAMS 0x000000070a000000, 0x000000070a000000| Untracked 
|  72|0x000000070a200000, 0x000000070a200000, 0x000000070a400000|  0%| F|  |TAMS 0x000000070a200000, 0x000000070a200000| Untracked 
|  73|0x000000070a400000, 0x000000070a400000, 0x000000070a600000|  0%| F|  |TAMS 0x000000070a400000, 0x000000070a400000| Untracked 
|  74|0x000000070a600000, 0x000000070a600000, 0x000000070a800000|  0%| F|  |TAMS 0x000000070a600000, 0x000000070a600000| Untracked 
|  75|0x000000070a800000, 0x000000070a800000, 0x000000070aa00000|  0%| F|  |TAMS 0x000000070a800000, 0x000000070a800000| Untracked 
|  76|0x000000070aa00000, 0x000000070aa00000, 0x000000070ac00000|  0%| F|  |TAMS 0x000000070aa00000, 0x000000070aa00000| Untracked 
|  77|0x000000070ac00000, 0x000000070ac00000, 0x000000070ae00000|  0%| F|  |TAMS 0x000000070ac00000, 0x000000070ac00000| Untracked 
|  78|0x000000070ae00000, 0x000000070ae00000, 0x000000070b000000|  0%| F|  |TAMS 0x000000070ae00000, 0x000000070ae00000| Untracked 
|  79|0x000000070b000000, 0x000000070b000000, 0x000000070b200000|  0%| F|  |TAMS 0x000000070b000000, 0x000000070b000000| Untracked 
|  80|0x000000070b200000, 0x000000070b200000, 0x000000070b400000|  0%| F|  |TAMS 0x000000070b200000, 0x000000070b200000| Untracked 
|  81|0x000000070b400000, 0x000000070b400000, 0x000000070b600000|  0%| F|  |TAMS 0x000000070b400000, 0x000000070b400000| Untracked 
|  82|0x000000070b600000, 0x000000070b600000, 0x000000070b800000|  0%| F|  |TAMS 0x000000070b600000, 0x000000070b600000| Untracked 
|  83|0x000000070b800000, 0x000000070b800000, 0x000000070ba00000|  0%| F|  |TAMS 0x000000070b800000, 0x000000070b800000| Untracked 
|  84|0x000000070ba00000, 0x000000070ba00000, 0x000000070bc00000|  0%| F|  |TAMS 0x000000070ba00000, 0x000000070ba00000| Untracked 
|  85|0x000000070bc00000, 0x000000070bc00000, 0x000000070be00000|  0%| F|  |TAMS 0x000000070bc00000, 0x000000070bc00000| Untracked 
|  86|0x000000070be00000, 0x000000070be00000, 0x000000070c000000|  0%| F|  |TAMS 0x000000070be00000, 0x000000070be00000| Untracked 
|  87|0x000000070c000000, 0x000000070c000000, 0x000000070c200000|  0%| F|  |TAMS 0x000000070c000000, 0x000000070c000000| Untracked 
|  88|0x000000070c200000, 0x000000070c200000, 0x000000070c400000|  0%| F|  |TAMS 0x000000070c200000, 0x000000070c200000| Untracked 
|  89|0x000000070c400000, 0x000000070c400000, 0x000000070c600000|  0%| F|  |TAMS 0x000000070c400000, 0x000000070c400000| Untracked 
|  90|0x000000070c600000, 0x000000070c600000, 0x000000070c800000|  0%| F|  |TAMS 0x000000070c600000, 0x000000070c600000| Untracked 
|  91|0x000000070c800000, 0x000000070c800000, 0x000000070ca00000|  0%| F|  |TAMS 0x000000070c800000, 0x000000070c800000| Untracked 
|  92|0x000000070ca00000, 0x000000070ca00000, 0x000000070cc00000|  0%| F|  |TAMS 0x000000070ca00000, 0x000000070ca00000| Untracked 
|  93|0x000000070cc00000, 0x000000070cc00000, 0x000000070ce00000|  0%| F|  |TAMS 0x000000070cc00000, 0x000000070cc00000| Untracked 
|  94|0x000000070ce00000, 0x000000070ce00000, 0x000000070d000000|  0%| F|  |TAMS 0x000000070ce00000, 0x000000070ce00000| Untracked 
|  95|0x000000070d000000, 0x000000070d000000, 0x000000070d200000|  0%| F|  |TAMS 0x000000070d000000, 0x000000070d000000| Untracked 
|  96|0x000000070d200000, 0x000000070d200000, 0x000000070d400000|  0%| F|  |TAMS 0x000000070d200000, 0x000000070d200000| Untracked 
|  97|0x000000070d400000, 0x000000070d400000, 0x000000070d600000|  0%| F|  |TAMS 0x000000070d400000, 0x000000070d400000| Untracked 
|  98|0x000000070d600000, 0x000000070d600000, 0x000000070d800000|  0%| F|  |TAMS 0x000000070d600000, 0x000000070d600000| Untracked 
|  99|0x000000070d800000, 0x000000070d800000, 0x000000070da00000|  0%| F|  |TAMS 0x000000070d800000, 0x000000070d800000| Untracked 
| 100|0x000000070da00000, 0x000000070da00000, 0x000000070dc00000|  0%| F|  |TAMS 0x000000070da00000, 0x000000070da00000| Untracked 
| 101|0x000000070dc00000, 0x000000070dc00000, 0x000000070de00000|  0%| F|  |TAMS 0x000000070dc00000, 0x000000070dc00000| Untracked 
| 102|0x000000070de00000, 0x000000070de00000, 0x000000070e000000|  0%| F|  |TAMS 0x000000070de00000, 0x000000070de00000| Untracked 
| 103|0x000000070e000000, 0x000000070e000000, 0x000000070e200000|  0%| F|  |TAMS 0x000000070e000000, 0x000000070e000000| Untracked 
| 104|0x000000070e200000, 0x000000070e200000, 0x000000070e400000|  0%| F|  |TAMS 0x000000070e200000, 0x000000070e200000| Untracked 
| 105|0x000000070e400000, 0x000000070e400000, 0x000000070e600000|  0%| F|  |TAMS 0x000000070e400000, 0x000000070e400000| Untracked 
| 106|0x000000070e600000, 0x000000070e600000, 0x000000070e800000|  0%| F|  |TAMS 0x000000070e600000, 0x000000070e600000| Untracked 
| 107|0x000000070e800000, 0x000000070e800000, 0x000000070ea00000|  0%| F|  |TAMS 0x000000070e800000, 0x000000070e800000| Untracked 
| 108|0x000000070ea00000, 0x000000070ea00000, 0x000000070ec00000|  0%| F|  |TAMS 0x000000070ea00000, 0x000000070ea00000| Untracked 
| 109|0x000000070ec00000, 0x000000070ec00000, 0x000000070ee00000|  0%| F|  |TAMS 0x000000070ec00000, 0x000000070ec00000| Untracked 
| 110|0x000000070ee00000, 0x000000070ee00000, 0x000000070f000000|  0%| F|  |TAMS 0x000000070ee00000, 0x000000070ee00000| Untracked 
| 111|0x000000070f000000, 0x000000070f000000, 0x000000070f200000|  0%| F|  |TAMS 0x000000070f000000, 0x000000070f000000| Untracked 
| 112|0x000000070f200000, 0x000000070f200000, 0x000000070f400000|  0%| F|  |TAMS 0x000000070f200000, 0x000000070f200000| Untracked 
| 113|0x000000070f400000, 0x000000070f400000, 0x000000070f600000|  0%| F|  |TAMS 0x000000070f400000, 0x000000070f400000| Untracked 
| 114|0x000000070f600000, 0x000000070f600000, 0x000000070f800000|  0%| F|  |TAMS 0x000000070f600000, 0x000000070f600000| Untracked 
| 115|0x000000070f800000, 0x000000070f800000, 0x000000070fa00000|  0%| F|  |TAMS 0x000000070f800000, 0x000000070f800000| Untracked 
| 116|0x000000070fa00000, 0x000000070fa00000, 0x000000070fc00000|  0%| F|  |TAMS 0x000000070fa00000, 0x000000070fa00000| Untracked 
| 117|0x000000070fc00000, 0x000000070fd54708, 0x000000070fe00000| 66%| E|  |TAMS 0x000000070fc00000, 0x000000070fc00000| Complete 
| 118|0x000000070fe00000, 0x0000000710000000, 0x0000000710000000|100%| E|CS|TAMS 0x000000070fe00000, 0x000000070fe00000| Complete 
| 119|0x0000000710000000, 0x0000000710200000, 0x0000000710200000|100%| E|CS|TAMS 0x0000000710000000, 0x0000000710000000| Complete 
| 120|0x0000000710200000, 0x0000000710400000, 0x0000000710400000|100%| E|  |TAMS 0x0000000710200000, 0x0000000710200000| Complete 
| 121|0x0000000710400000, 0x0000000710600000, 0x0000000710600000|100%| E|CS|TAMS 0x0000000710400000, 0x0000000710400000| Complete 
| 122|0x0000000710600000, 0x0000000710800000, 0x0000000710800000|100%| E|CS|TAMS 0x0000000710600000, 0x0000000710600000| Complete 
| 123|0x0000000710800000, 0x0000000710a00000, 0x0000000710a00000|100%| E|CS|TAMS 0x0000000710800000, 0x0000000710800000| Complete 
| 124|0x0000000710a00000, 0x0000000710c00000, 0x0000000710c00000|100%| E|CS|TAMS 0x0000000710a00000, 0x0000000710a00000| Complete 
| 125|0x0000000710c00000, 0x0000000710e00000, 0x0000000710e00000|100%| E|CS|TAMS 0x0000000710c00000, 0x0000000710c00000| Complete 
| 126|0x0000000710e00000, 0x0000000711000000, 0x0000000711000000|100%| E|CS|TAMS 0x0000000710e00000, 0x0000000710e00000| Complete 
| 127|0x0000000711000000, 0x0000000711200000, 0x0000000711200000|100%| E|CS|TAMS 0x0000000711000000, 0x0000000711000000| Complete 

Card table byte_map: [0x000001e7735f0000,0x000001e773df0000] _byte_map_base: 0x000001e76fde7000

Marking Bits (Prev, Next): (CMBitMap*) 0x000001e76a9a1cd0, (CMBitMap*) 0x000001e76a9a1d10
 Prev Bits: [0x000001e7745f0000, 0x000001e7785a8000)
 Next Bits: [0x000001e7785b0000, 0x000001e77c568000)

Polling page: 0x000001e768930000

Metaspace:

Usage:
  Non-class:      7.48 MB used.
      Class:    455.40 KB used.
       Both:      7.93 MB used.

Virtual space:
  Non-class space:       64.00 MB reserved,       7.62 MB ( 12%) committed,  1 nodes.
      Class space:        1.00 GB reserved,     512.00 KB ( <1%) committed,  1 nodes.
             Both:        1.06 GB reserved,       8.12 MB ( <1%) committed. 

Chunk freelists:
   Non-Class:  3.30 MB
       Class:  3.50 MB
        Both:  6.80 MB

MaxMetaspaceSize: unlimited
CompressedClassSpaceSize: 1.00 GB
Initial GC threshold: 21.00 MB
Current GC threshold: 21.00 MB
CDS: on
MetaspaceReclaimPolicy: balanced
 - commit_granule_bytes: 65536.
 - commit_granule_words: 8192.
 - virtual_space_node_default_size: 8388608.
 - enlarge_chunks_in_place: 1.
 - new_chunks_are_fully_committed: 0.
 - uncommit_free_chunks: 1.
 - use_allocation_guard: 0.


Internal statistics:

num_allocs_failed_limit: 0.
num_arena_births: 176.
num_arena_deaths: 0.
num_vsnodes_births: 2.
num_vsnodes_deaths: 0.
num_space_committed: 128.
num_space_uncommitted: 0.
num_chunks_returned_to_freelist: 0.
num_chunks_taken_from_freelist: 365.
num_chunk_merges: 0.
num_chunk_splits: 268.
num_chunks_enlarged: 203.
num_inconsistent_stats: 0.

CodeHeap 'non-profiled nmethods': size=120000Kb used=358Kb max_used=358Kb free=119641Kb
 bounds [0x000001e707ad0000, 0x000001e707d40000, 0x000001e70f000000]
CodeHeap 'profiled nmethods': size=120000Kb used=1440Kb max_used=1440Kb free=118559Kb
 bounds [0x000001e700000000, 0x000001e700270000, 0x000001e707530000]
CodeHeap 'non-nmethods': size=5760Kb used=1757Kb max_used=1774Kb free=4002Kb
 bounds [0x000001e707530000, 0x000001e7077a0000, 0x000001e707ad0000]
 total_blobs=2143 nmethods=1018 adapters=1036
 compilation: enabled
              stopped_count=0, restarted_count=0
 full_count=0

Compilation events (20 events):
Event: 0.446 Thread 0x000001e713e96930 1006       4       com.sun.imageio.plugins.png.IDATOutputStream::deflate (98 bytes)
Event: 0.446 Thread 0x000001e77f1e5a50 nmethod 1011 0x000001e700164110 code [0x000001e7001642e0, 0x000001e7001646c8]
Event: 0.447 Thread 0x000001e77f1e5a50 1012       3       jdk.internal.access.SharedSecrets::getJavaLangAccess (4 bytes)
Event: 0.447 Thread 0x000001e77f1e5a50 nmethod 1012 0x000001e700164890 code [0x000001e700164a20, 0x000001e700164b18]
Event: 0.448 Thread 0x000001e77f1e5a50 1013       3       java.lang.invoke.BoundMethodHandle::<init> (32 bytes)
Event: 0.448 Thread 0x000001e713e96930 nmethod 1006 0x000001e707b23110 code [0x000001e707b232e0, 0x000001e707b23540]
Event: 0.448 Thread 0x000001e713e96930 1005   !   4       java.util.zip.Deflater::setInput (56 bytes)
Event: 0.448 Thread 0x000001e77f1e5a50 nmethod 1013 0x000001e700164b90 code [0x000001e700164d40, 0x000001e700164ea8]
Event: 0.448 Thread 0x000001e77f1e5a50 1014       3       java.util.ImmutableCollections$MapN::probe (60 bytes)
Event: 0.449 Thread 0x000001e77f1e5a50 nmethod 1014 0x000001e700164f90 code [0x000001e700165180, 0x000001e7001656f8]
Event: 0.449 Thread 0x000001e713e96930 nmethod 1005 0x000001e707b23810 code [0x000001e707b239a0, 0x000001e707b23d38]
Event: 0.451 Thread 0x000001e77f1e5330 nmethod 1004 0x000001e707b23e90 code [0x000001e707b24080, 0x000001e707b24c20]
Event: 0.451 Thread 0x000001e77f1e5a50 1015       3       sun.nio.ch.Util::isBufferTooLarge (15 bytes)
Event: 0.451 Thread 0x000001e77f1e5a50 nmethod 1015 0x000001e700165910 code [0x000001e700165aa0, 0x000001e700165bf8]
Event: 0.451 Thread 0x000001e77f1e5a50 1016       3       java.lang.StringBuilder::append (10 bytes)
Event: 0.451 Thread 0x000001e77f1e5a50 nmethod 1016 0x000001e700165c90 code [0x000001e700165e40, 0x000001e700165f88]
Event: 0.451 Thread 0x000001e77f1e5a50 1017       3       java.lang.AbstractStringBuilder::append (67 bytes)
Event: 0.451 Thread 0x000001e77f1e5a50 nmethod 1017 0x000001e700166010 code [0x000001e700166220, 0x000001e7001668c8]
Event: 0.451 Thread 0x000001e77f1e5a50 1018       3       java.lang.AbstractStringBuilder::appendChars (207 bytes)
Event: 0.452 Thread 0x000001e77f1e5a50 nmethod 1018 0x000001e700166a90 code [0x000001e700166d40, 0x000001e700167d08]

GC Heap History (0 events):
No events

Dll operation events (15 events):
Event: 0.004 Loaded shared library C:\Program Files\Java\jdk-19\bin\java.dll
Event: 0.009 Loaded shared library C:\Program Files\Java\jdk-19\bin\jsvml.dll
Event: 0.044 Loaded shared library C:\Program Files\Java\jdk-19\bin\zip.dll
Event: 0.045 Loaded shared library C:\Program Files\Java\jdk-19\bin\instrument.dll
Event: 0.049 Loaded shared library C:\Program Files\Java\jdk-19\bin\net.dll
Event: 0.049 Loaded shared library C:\Program Files\Java\jdk-19\bin\nio.dll
Event: 0.052 Loaded shared library C:\Program Files\Java\jdk-19\bin\zip.dll
Event: 0.062 Loaded shared library C:\Users\fabif\AppData\Local\JetBrains\Toolbox\apps\IDEA-U\ch-0\222.4345.14\bin\breakgen64.dll
Event: 0.065 Loaded shared library C:\Program Files\Java\jdk-19\bin\verify.dll
Event: 0.066 Loaded shared library C:\Program Files\Java\jdk-19\bin\extnet.dll
Event: 0.084 Loaded shared library C:\Program Files\Java\jdk-19\bin\jimage.dll
Event: 0.095 Loaded shared library C:\Users\fabif\AppData\Local\Temp\lwjglfabif\3.3.1-build-7\lwjgl.dll
Event: 0.245 Loaded shared library C:\Users\fabif\AppData\Local\Temp\lwjglfabif\3.3.1-build-7\lwjgl_opengl.dll
Event: 0.387 Loaded shared library C:\Program Files\Java\jdk-19\bin\awt.dll
Event: 0.452 Loaded shared library C:\Users\fabif\AppData\Local\Temp\lwjglfabif\3.3.1-build-7\lwjgl_stb.dll

Deoptimization events (20 events):
Event: 0.450 Thread 0x000001e76a930cd0 Uncommon trap: trap_request=0xffffffde fr.pc=0x000001e707b0bed8 relative=0x00000000000002b8
Event: 0.450 Thread 0x000001e76a930cd0 Uncommon trap: reason=class_check action=maybe_recompile pc=0x000001e707b0bed8 method=java.io.InputStream.read([B)I @ 5 c2
Event: 0.450 Thread 0x000001e76a930cd0 DEOPT PACKING pc=0x000001e707b0bed8 sp=0x000000d3851fdb70
Event: 0.450 Thread 0x000001e76a930cd0 DEOPT UNPACKING pc=0x000001e707596da3 sp=0x000000d3851fdb38 mode 2
Event: 0.451 Thread 0x000001e76a930cd0 Uncommon trap: trap_request=0xffffffde fr.pc=0x000001e707b0bed8 relative=0x00000000000002b8
Event: 0.451 Thread 0x000001e76a930cd0 Uncommon trap: reason=class_check action=maybe_recompile pc=0x000001e707b0bed8 method=java.io.InputStream.read([B)I @ 5 c2
Event: 0.451 Thread 0x000001e76a930cd0 DEOPT PACKING pc=0x000001e707b0bed8 sp=0x000000d3851fdb70
Event: 0.451 Thread 0x000001e76a930cd0 DEOPT UNPACKING pc=0x000001e707596da3 sp=0x000000d3851fdb38 mode 2
Event: 0.451 Thread 0x000001e76a930cd0 Uncommon trap: trap_request=0xffffffde fr.pc=0x000001e707b0bed8 relative=0x00000000000002b8
Event: 0.451 Thread 0x000001e76a930cd0 Uncommon trap: reason=class_check action=maybe_recompile pc=0x000001e707b0bed8 method=java.io.InputStream.read([B)I @ 5 c2
Event: 0.451 Thread 0x000001e76a930cd0 DEOPT PACKING pc=0x000001e707b0bed8 sp=0x000000d3851fdb70
Event: 0.451 Thread 0x000001e76a930cd0 DEOPT UNPACKING pc=0x000001e707596da3 sp=0x000000d3851fdb38 mode 2
Event: 0.451 Thread 0x000001e76a930cd0 Uncommon trap: trap_request=0xffffffde fr.pc=0x000001e707b0bed8 relative=0x00000000000002b8
Event: 0.451 Thread 0x000001e76a930cd0 Uncommon trap: reason=class_check action=maybe_recompile pc=0x000001e707b0bed8 method=java.io.InputStream.read([B)I @ 5 c2
Event: 0.451 Thread 0x000001e76a930cd0 DEOPT PACKING pc=0x000001e707b0bed8 sp=0x000000d3851fdb70
Event: 0.451 Thread 0x000001e76a930cd0 DEOPT UNPACKING pc=0x000001e707596da3 sp=0x000000d3851fdb38 mode 2
Event: 0.451 Thread 0x000001e76a930cd0 Uncommon trap: trap_request=0xffffff45 fr.pc=0x000001e707aff63c relative=0x00000000000006bc
Event: 0.451 Thread 0x000001e76a930cd0 Uncommon trap: reason=unstable_if action=reinterpret pc=0x000001e707aff63c method=java.util.regex.Matcher.search(I)Z @ 30 c2
Event: 0.451 Thread 0x000001e76a930cd0 DEOPT PACKING pc=0x000001e707aff63c sp=0x000000d3851fd9c0
Event: 0.451 Thread 0x000001e76a930cd0 DEOPT UNPACKING pc=0x000001e707596da3 sp=0x000000d3851fd9a0 mode 2

Classes loaded (20 events):
Event: 0.420 Loading class javax/imageio/IIOImage
Event: 0.420 Loading class javax/imageio/IIOImage done
Event: 0.420 Loading class com/sun/imageio/plugins/png/PNGMetadata
Event: 0.420 Loading class javax/imageio/metadata/IIOMetadata
Event: 0.420 Loading class javax/imageio/metadata/IIOMetadata done
Event: 0.420 Loading class com/sun/imageio/plugins/png/PNGMetadata done
Event: 0.421 Loading class com/sun/imageio/plugins/png/ChunkStream
Event: 0.421 Loading class com/sun/imageio/plugins/png/ChunkStream done
Event: 0.421 Loading class com/sun/imageio/plugins/png/CRC
Event: 0.421 Loading class com/sun/imageio/plugins/png/CRC done
Event: 0.421 Loading class com/sun/imageio/plugins/png/IDATOutputStream
Event: 0.421 Loading class com/sun/imageio/plugins/png/IDATOutputStream done
Event: 0.421 Loading class java/util/zip/Deflater
Event: 0.421 Loading class java/util/zip/Deflater done
Event: 0.422 Loading class java/util/zip/Deflater$DeflaterZStreamRef
Event: 0.422 Loading class java/util/zip/Deflater$DeflaterZStreamRef done
Event: 0.422 Loading class java/awt/image/PixelInterleavedSampleModel
Event: 0.422 Loading class java/awt/image/ComponentSampleModel
Event: 0.422 Loading class java/awt/image/ComponentSampleModel done
Event: 0.422 Loading class java/awt/image/PixelInterleavedSampleModel done

Classes unloaded (0 events):
No events

Classes redefined (0 events):
No events

Internal exceptions (20 events):
Event: 0.104 Thread 0x000001e76a930cd0 Exception <a 'java/lang/NoSuchMethodError'{0x0000000710d58ad8}: 'java.lang.Object java.lang.invoke.DirectMethodHandle$Holder.newInvokeSpecial(java.lang.Object, java.lang.Object, int)'> (0x0000000710d58ad8) 
thrown [s\open\src\hotspot\share\interpreter\linkResolver.cpp, line 774]
Event: 0.105 Thread 0x000001e76a930cd0 Exception <a 'java/lang/NoSuchMethodError'{0x0000000710d677d8}: 'int java.lang.invoke.DirectMethodHandle$Holder.invokeStaticInit(java.lang.Object, java.lang.Object, long, long)'> (0x0000000710d677d8) 
thrown [s\open\src\hotspot\share\interpreter\linkResolver.cpp, line 774]
Event: 0.106 Thread 0x000001e76a930cd0 Exception <a 'java/lang/NoSuchMethodError'{0x0000000710d6d8f0}: 'java.lang.Object java.lang.invoke.DirectMethodHandle$Holder.newInvokeSpecial(java.lang.Object, java.lang.Object, long)'> (0x0000000710d6d8f0) 
thrown [s\open\src\hotspot\share\interpreter\linkResolver.cpp, line 774]
Event: 0.106 Thread 0x000001e76a930cd0 Exception <a 'java/lang/NoSuchMethodError'{0x0000000710d71c00}: 'java.lang.Object java.lang.invoke.Invokers$Holder.linkToTargetMethod(java.lang.Object, long, java.lang.Object)'> (0x0000000710d71c00) 
thrown [s\open\src\hotspot\share\interpreter\linkResolver.cpp, line 774]
Event: 0.106 Thread 0x000001e76a930cd0 Exception <a 'java/lang/NoSuchMethodError'{0x0000000710d79188}: 'int java.lang.invoke.DirectMethodHandle$Holder.invokeStaticInit(java.lang.Object, java.lang.Object, java.lang.Object, long)'> (0x0000000710d79188) 
thrown [s\open\src\hotspot\share\interpreter\linkResolver.cpp, line 774]
Event: 0.122 Thread 0x000001e76a930cd0 Exception <a 'java/lang/NoSuchMethodError'{0x0000000710a391d8}: 'int java.lang.invoke.Invokers$Holder.invokeExact_MT(java.lang.Object, java.lang.Object)'> (0x0000000710a391d8) 
thrown [s\open\src\hotspot\share\interpreter\linkResolver.cpp, line 774]
Event: 0.226 Thread 0x000001e76a930cd0 Exception <a 'java/lang/NoSuchMethodError'{0x0000000710a5d690}: 'java.lang.Object java.lang.invoke.DirectMethodHandle$Holder.newInvokeSpecial(java.lang.Object, java.lang.Object, int, int)'> (0x0000000710a5d690) 
thrown [s\open\src\hotspot\share\interpreter\linkResolver.cpp, line 774]
Event: 0.241 Thread 0x000001e76a930cd0 Exception <a 'java/lang/NoSuchMethodError'{0x0000000710a93498}: 'void java.lang.System.load(java.lang.String, java.lang.Class)'> (0x0000000710a93498) 
thrown [s\open\src\hotspot\share\interpreter\linkResolver.cpp, line 774]
Event: 0.242 Thread 0x000001e76a930cd0 Exception <a 'java/lang/NoSuchMethodError'{0x0000000710a962a0}: 'void java.lang.System.loadLibrary(java.lang.String, java.lang.Class)'> (0x0000000710a962a0) 
thrown [s\open\src\hotspot\share\interpreter\linkResolver.cpp, line 774]
Event: 0.244 Thread 0x000001e76a930cd0 Exception <a 'sun/nio/fs/WindowsException'{0x0000000710aa58d0}> (0x0000000710aa58d0) 
thrown [s\open\src\hotspot\share\prims\jni.cpp, line 517]
Event: 0.244 Thread 0x000001e76a930cd0 Exception <a 'sun/nio/fs/WindowsException'{0x0000000710aa5c78}> (0x0000000710aa5c78) 
thrown [s\open\src\hotspot\share\prims\jni.cpp, line 517]
Event: 0.247 Thread 0x000001e76a930cd0 Exception <a 'sun/nio/fs/WindowsException'{0x0000000710aaac60}> (0x0000000710aaac60) 
thrown [s\open\src\hotspot\share\prims\jni.cpp, line 517]
Event: 0.247 Thread 0x000001e76a930cd0 Exception <a 'sun/nio/fs/WindowsException'{0x0000000710aaaf40}> (0x0000000710aaaf40) 
thrown [s\open\src\hotspot\share\prims\jni.cpp, line 517]
Event: 0.390 Thread 0x000001e76a930cd0 Exception <a 'java/lang/ClassNotFoundException'{0x0000000710377958}: sun/awt/resources/spi/awtProvider> (0x0000000710377958) 
thrown [s\open\src\hotspot\share\classfile\systemDictionary.cpp, line 255]
Event: 0.398 Thread 0x000001e76a930cd0 Exception <a 'java/io/FileNotFoundException'{0x00000007103c91a8}> (0x00000007103c91a8) 
thrown [s\open\src\hotspot\share\prims\jni.cpp, line 517]
Event: 0.401 Thread 0x000001e76a930cd0 Exception <a 'java/io/FileNotFoundException'{0x00000007103f5388}> (0x00000007103f5388) 
thrown [s\open\src\hotspot\share\prims\jni.cpp, line 517]
Event: 0.447 Thread 0x000001e76a930cd0 Exception <a 'java/lang/NoSuchMethodError'{0x000000070fcfa238}: 'void java.lang.System.load(java.lang.String, java.lang.Class)'> (0x000000070fcfa238) 
thrown [s\open\src\hotspot\share\interpreter\linkResolver.cpp, line 774]
Event: 0.448 Thread 0x000001e76a930cd0 Exception <a 'java/lang/NoSuchMethodError'{0x000000070fcfd048}: 'void java.lang.System.loadLibrary(java.lang.String, java.lang.Class)'> (0x000000070fcfd048) 
thrown [s\open\src\hotspot\share\interpreter\linkResolver.cpp, line 774]
Event: 0.451 Thread 0x000001e76a930cd0 Exception <a 'sun/nio/fs/WindowsException'{0x000000070fd0c368}> (0x000000070fd0c368) 
thrown [s\open\src\hotspot\share\prims\jni.cpp, line 517]
Event: 0.451 Thread 0x000001e76a930cd0 Exception <a 'sun/nio/fs/WindowsException'{0x000000070fd0c6e8}> (0x000000070fd0c6e8) 
thrown [s\open\src\hotspot\share\prims\jni.cpp, line 517]

VM Operations (10 events):
Event: 0.036 Executing VM operation: HandshakeAllThreads
Event: 0.036 Executing VM operation: HandshakeAllThreads done
Event: 0.063 Executing VM operation: HandshakeAllThreads
Event: 0.063 Executing VM operation: HandshakeAllThreads done
Event: 0.327 Executing VM operation: HandshakeAllThreads
Event: 0.327 Executing VM operation: HandshakeAllThreads done
Event: 0.411 Executing VM operation: HandshakeAllThreads
Event: 0.411 Executing VM operation: HandshakeAllThreads done
Event: 0.418 Executing VM operation: HandshakeAllThreads
Event: 0.418 Executing VM operation: HandshakeAllThreads done

Events (16 events):
Event: 0.009 Thread 0x000001e76a930cd0 Thread added: 0x000001e76a930cd0
Event: 0.016 Thread 0x000001e77f1d05b0 Thread added: 0x000001e77f1d05b0
Event: 0.016 Thread 0x000001e77f1d1540 Thread added: 0x000001e77f1d1540
Event: 0.017 Thread 0x000001e77f1d9590 Thread added: 0x000001e77f1d9590
Event: 0.017 Thread 0x000001e77f1daed0 Thread added: 0x000001e77f1daed0
Event: 0.017 Thread 0x000001e77f1dd9b0 Thread added: 0x000001e77f1dd9b0
Event: 0.017 Thread 0x000001e77f1e1c60 Thread added: 0x000001e77f1e1c60
Event: 0.017 Thread 0x000001e77f1e5330 Thread added: 0x000001e77f1e5330
Event: 0.017 Thread 0x000001e77f1e5a50 Thread added: 0x000001e77f1e5a50
Event: 0.017 Thread 0x000001e77f1e7fe0 Thread added: 0x000001e77f1e7fe0
Event: 0.032 Thread 0x000001e77f1a5350 Thread added: 0x000001e77f1a5350
Event: 0.062 Thread 0x000001e77f562d10 Thread added: 0x000001e77f562d10
Event: 0.062 Thread 0x000001e77f5ab530 Thread added: 0x000001e77f5ab530
Event: 0.261 Thread 0x000001e713e96930 Thread added: 0x000001e713e96930
Event: 0.261 Thread 0x000001e713e96eb0 Thread added: 0x000001e713e96eb0
Event: 0.420 Thread 0x000001e713f65430 Thread added: 0x000001e713f65430


Dynamic libraries:
0x00007ff798190000 - 0x00007ff7981a0000 	C:\Program Files\Java\jdk-19\bin\java.exe
0x00007ffcd2270000 - 0x00007ffcd2468000 	C:\Windows\SYSTEM32\ntdll.dll
0x00007ffcd0d70000 - 0x00007ffcd0e2f000 	C:\Windows\System32\KERNEL32.DLL
0x00007ffccf960000 - 0x00007ffccfc32000 	C:\Windows\System32\KERNELBASE.dll
0x00007ffcd01b0000 - 0x00007ffcd02b0000 	C:\Windows\System32\ucrtbase.dll
0x00007ffcb0920000 - 0x00007ffcb093b000 	C:\Program Files\Java\jdk-19\bin\VCRUNTIME140.dll
0x00007ffcb04c0000 - 0x00007ffcb04d8000 	C:\Program Files\Java\jdk-19\bin\jli.dll
0x00007ffcd1ac0000 - 0x00007ffcd1b6e000 	C:\Windows\System32\ADVAPI32.dll
0x00007ffcd1130000 - 0x00007ffcd11ce000 	C:\Windows\System32\msvcrt.dll
0x00007ffcd0ff0000 - 0x00007ffcd108c000 	C:\Windows\System32\sechost.dll
0x00007ffcd2040000 - 0x00007ffcd2165000 	C:\Windows\System32\RPCRT4.dll
0x00007ffcd1380000 - 0x00007ffcd1521000 	C:\Windows\System32\USER32.dll
0x00007ffcbe800000 - 0x00007ffcbea9a000 	C:\Windows\WinSxS\amd64_microsoft.windows.common-controls_6595b64144ccf1df_6.0.19041.1110_none_60b5254171f9507e\COMCTL32.dll
0x00007ffccff30000 - 0x00007ffccff52000 	C:\Windows\System32\win32u.dll
0x00007ffcd2200000 - 0x00007ffcd222b000 	C:\Windows\System32\GDI32.dll
0x00007ffccff60000 - 0x00007ffcd006f000 	C:\Windows\System32\gdi32full.dll
0x00007ffccfd30000 - 0x00007ffccfdcd000 	C:\Windows\System32\msvcp_win.dll
0x00007ffcc90d0000 - 0x00007ffcc90da000 	C:\Windows\SYSTEM32\VERSION.dll
0x00007ffcd1720000 - 0x00007ffcd1752000 	C:\Windows\System32\IMM32.DLL
0x00007ffcb5ca0000 - 0x00007ffcb5cac000 	C:\Program Files\Java\jdk-19\bin\vcruntime140_1.dll
0x00007ffc91000000 - 0x00007ffc9108e000 	C:\Program Files\Java\jdk-19\bin\msvcp140.dll
0x00007ffc50b10000 - 0x00007ffc517d0000 	C:\Program Files\Java\jdk-19\bin\server\jvm.dll
0x00007ffcbb8e0000 - 0x00007ffcbb8e9000 	C:\Windows\SYSTEM32\WSOCK32.dll
0x00007ffcc7990000 - 0x00007ffcc79b7000 	C:\Windows\SYSTEM32\WINMM.dll
0x00007ffcd0f20000 - 0x00007ffcd0f8b000 	C:\Windows\System32\WS2_32.dll
0x00007ffccd800000 - 0x00007ffccd812000 	C:\Windows\SYSTEM32\kernel.appcore.dll
0x00007ffcb5460000 - 0x00007ffcb546a000 	C:\Program Files\Java\jdk-19\bin\jimage.dll
0x00007ffcbf950000 - 0x00007ffcbfb34000 	C:\Windows\SYSTEM32\DBGHELP.DLL
0x00007ffcbbca0000 - 0x00007ffcbbcd5000 	C:\Windows\SYSTEM32\dbgcore.DLL
0x00007ffcd0120000 - 0x00007ffcd01a2000 	C:\Windows\System32\bcryptPrimitives.dll
0x00007ffcccf40000 - 0x00007ffcccf4e000 	C:\Program Files\Java\jdk-19\bin\instrument.dll
0x00007ffcacc80000 - 0x00007ffcacca6000 	C:\Program Files\Java\jdk-19\bin\java.dll
0x00007ffc69660000 - 0x00007ffc69737000 	C:\Program Files\Java\jdk-19\bin\jsvml.dll
0x00007ffcd0620000 - 0x00007ffcd0d65000 	C:\Windows\System32\SHELL32.dll
0x00007ffccda00000 - 0x00007ffcce192000 	C:\Windows\SYSTEM32\windows.storage.dll
0x00007ffcd02c0000 - 0x00007ffcd0615000 	C:\Windows\System32\combase.dll
0x00007ffccf3c0000 - 0x00007ffccf3f0000 	C:\Windows\SYSTEM32\Wldp.dll
0x00007ffcd1540000 - 0x00007ffcd15ed000 	C:\Windows\System32\SHCORE.dll
0x00007ffcd1b70000 - 0x00007ffcd1bc5000 	C:\Windows\System32\shlwapi.dll
0x00007ffccf8a0000 - 0x00007ffccf8bf000 	C:\Windows\SYSTEM32\profapi.dll
0x00007ffcae1f0000 - 0x00007ffcae208000 	C:\Program Files\Java\jdk-19\bin\zip.dll
0x00007ffcb04a0000 - 0x00007ffcb04b3000 	C:\Program Files\Java\jdk-19\bin\net.dll
0x00007ffcc79d0000 - 0x00007ffcc7adc000 	C:\Windows\SYSTEM32\WINHTTP.dll
0x00007ffccf0e0000 - 0x00007ffccf14a000 	C:\Windows\system32\mswsock.dll
0x00007ffcafcc0000 - 0x00007ffcafcd6000 	C:\Program Files\Java\jdk-19\bin\nio.dll
0x00007ffcb7350000 - 0x00007ffcb736a000 	C:\Users\fabif\AppData\Local\JetBrains\Toolbox\apps\IDEA-U\ch-0\222.4345.14\bin\breakgen64.dll
0x00007ffcacc60000 - 0x00007ffcacc70000 	C:\Program Files\Java\jdk-19\bin\verify.dll
0x00007ffcae1a0000 - 0x00007ffcae1a8000 	C:\Program Files\Java\jdk-19\bin\extnet.dll
0x00007ffcb0690000 - 0x00007ffcb0705000 	C:\Users\fabif\AppData\Local\Temp\lwjglfabif\3.3.1-build-7\lwjgl.dll
0x00007ffca9340000 - 0x00007ffca93a1000 	C:\Users\fabif\AppData\Local\Temp\lwjglfabif\3.3.1-build-7\glfw.dll
0x00007ffcb0640000 - 0x00007ffcb0685000 	C:\Windows\SYSTEM32\dinput8.dll
0x00007ffcb7330000 - 0x00007ffcb7341000 	C:\Windows\SYSTEM32\xinput1_4.dll
0x00007ffccfc40000 - 0x00007ffccfc8e000 	C:\Windows\System32\cfgmgr32.dll
0x00007ffccf710000 - 0x00007ffccf73c000 	C:\Windows\SYSTEM32\DEVOBJ.dll
0x00007ffccd510000 - 0x00007ffccd53f000 	C:\Windows\SYSTEM32\dwmapi.dll
0x00007ffcb9400000 - 0x00007ffcb9552000 	C:\Windows\SYSTEM32\inputhost.dll
0x00007ffcd19f0000 - 0x00007ffcd1abd000 	C:\Windows\System32\OLEAUT32.dll
0x00007ffccce40000 - 0x00007ffcccf32000 	C:\Windows\SYSTEM32\CoreMessaging.dll
0x00007ffccc410000 - 0x00007ffccc564000 	C:\Windows\SYSTEM32\wintypes.dll
0x00007ffccb4b0000 - 0x00007ffccb5a6000 	C:\Windows\SYSTEM32\PROPSYS.dll
0x00007ffcccae0000 - 0x00007ffccce3e000 	C:\Windows\SYSTEM32\CoreUIComponents.dll
0x00007ffcceab0000 - 0x00007ffcceae3000 	C:\Windows\SYSTEM32\ntmarta.dll
0x00007ffccd330000 - 0x00007ffccd3ce000 	C:\Windows\system32\uxtheme.dll
0x00007ffcd1870000 - 0x00007ffcd1985000 	C:\Windows\System32\MSCTF.dll
0x00007ffcae210000 - 0x00007ffcae335000 	C:\Windows\SYSTEM32\opengl32.dll
0x00007ffcb5ba0000 - 0x00007ffcb5bcc000 	C:\Windows\SYSTEM32\GLU32.dll
0x00007ffcd17c0000 - 0x00007ffcd1869000 	C:\Windows\System32\clbcatq.dll
0x00007ffc26440000 - 0x00007ffc29d72000 	C:\Windows\System32\DriverStore\FileRepository\nv_dispi.inf_amd64_f52c4b8723f8dd33\nvoglv64.dll
0x00007ffcd1bd0000 - 0x00007ffcd2038000 	C:\Windows\System32\SETUPAPI.dll
0x00007ffccfd00000 - 0x00007ffccfd27000 	C:\Windows\System32\bcrypt.dll
0x00007ffcd15f0000 - 0x00007ffcd171a000 	C:\Windows\System32\ole32.dll
0x00007ffccb610000 - 0x00007ffccb624000 	C:\Windows\SYSTEM32\WTSAPI32.dll
0x00007ffccf550000 - 0x00007ffccf562000 	C:\Windows\SYSTEM32\msasn1.dll
0x00007ffcc9090000 - 0x00007ffcc90c1000 	C:\Windows\SYSTEM32\cryptnet.dll
0x00007ffccfdd0000 - 0x00007ffccff26000 	C:\Windows\System32\CRYPT32.dll
0x00007ffcc7da0000 - 0x00007ffcc7ee8000 	C:\Windows\SYSTEM32\drvstore.dll
0x00007ffccf310000 - 0x00007ffccf31c000 	C:\Windows\SYSTEM32\cryptbase.dll
0x00007ffccfc90000 - 0x00007ffccfcf9000 	C:\Windows\System32\WINTRUST.dll
0x00007ffccaf60000 - 0x00007ffccaf9b000 	C:\Windows\SYSTEM32\dxcore.dll
0x00007ffc5b5d0000 - 0x00007ffc5b89f000 	C:\Windows\system32\nvspcap64.dll
0x00007ffcceeb0000 - 0x00007ffcceefb000 	C:\Windows\SYSTEM32\powrprof.dll
0x00007ffcced70000 - 0x00007ffcced82000 	C:\Windows\SYSTEM32\UMPDC.dll
0x00007ffcce620000 - 0x00007ffcce684000 	C:\Windows\SYSTEM32\WINSTA.dll
0x00007ffcb6e70000 - 0x00007ffcb6f69000 	C:\Windows\SYSTEM32\textinputframework.dll
0x00007ffca5cb0000 - 0x00007ffca5d0d000 	C:\Users\fabif\AppData\Local\Temp\lwjglfabif\3.3.1-build-7\lwjgl_opengl.dll
0x00007ffc94ce0000 - 0x00007ffc94e71000 	C:\Program Files\Java\jdk-19\bin\awt.dll
0x00007ffccd160000 - 0x00007ffccd1f0000 	C:\Windows\SYSTEM32\apphelp.dll
0x00007ffc94c50000 - 0x00007ffc94cd1000 	C:\Users\fabif\AppData\Local\Temp\lwjglfabif\3.3.1-build-7\lwjgl_stb.dll

dbghelp: loaded successfully - version: 4.0.5 - missing functions: none
symbol engine: initialized successfully - sym options: 0x614 - pdb path: .;C:\Program Files\Java\jdk-19\bin;C:\Windows\SYSTEM32;C:\Windows\WinSxS\amd64_microsoft.windows.common-controls_6595b64144ccf1df_6.0.19041.1110_none_60b5254171f9507e;C:\Program Files\Java\jdk-19\bin\server;C:\Users\fabif\AppData\Local\JetBrains\Toolbox\apps\IDEA-U\ch-0\222.4345.14\bin;C:\Users\fabif\AppData\Local\Temp\lwjglfabif\3.3.1-build-7;C:\Windows\System32\DriverStore\FileRepository\nv_dispi.inf_amd64_f52c4b8723f8dd33

VM Arguments:
jvm_args: -javaagent:C:\Users\fabif\AppData\Local\JetBrains\Toolbox\apps\IDEA-U\ch-0\222.4345.14\lib\idea_rt.jar=59382:C:\Users\fabif\AppData\Local\JetBrains\Toolbox\apps\IDEA-U\ch-0\222.4345.14\bin -Dfile.encoding=UTF-8 -Dsun.stdout.encoding=UTF-8 -Dsun.stderr.encoding=UTF-8 
java_command: de.fabulousfox.Client
java_class_path (initial): C:\Users\fabif\IdeaProjects\VoxelTracing\target\classes;C:\Users\fabif\.m2\repository\org\lwjgl\lwjgl\3.3.1\lwjgl-3.3.1.jar;C:\Users\fabif\.m2\repository\org\lwjgl\lwjgl-glfw\3.3.1\lwjgl-glfw-3.3.1.jar;C:\Users\fabif\.m2\repository\org\lwjgl\lwjgl-opengl\3.3.1\lwjgl-opengl-3.3.1.jar;C:\Users\fabif\.m2\repository\org\lwjgl\lwjgl-stb\3.3.1\lwjgl-stb-3.3.1.jar;C:\Users\fabif\.m2\repository\org\lwjgl\lwjgl\3.3.1\lwjgl-3.3.1-natives-windows.jar;C:\Users\fabif\.m2\repository\org\lwjgl\lwjgl-glfw\3.3.1\lwjgl-glfw-3.3.1-natives-windows.jar;C:\Users\fabif\.m2\repository\org\lwjgl\lwjgl-stb\3.3.1\lwjgl-stb-3.3.1-natives-windows.jar;C:\Users\fabif\.m2\repository\org\lwjgl\lwjgl-opengl\3.3.1\lwjgl-opengl-3.3.1-natives-windows.jar;C:\Users\fabif\.m2\repository\org\joml\joml\1.10.5\joml-1.10.5.jar
Launcher Type: SUN_STANDARD

[Global flags]
     intx CICompilerCount                          = 4                                         {product} {ergonomic}
     uint ConcGCThreads                            = 3                                         {product} {ergonomic}
     uint G1ConcRefinementThreads                  = 10                                        {product} {ergonomic}
   size_t G1HeapRegionSize                         = 2097152                                   {product} {ergonomic}
    uintx GCDrainStackTargetSize                   = 64                                        {product} {ergonomic}
   size_t InitialHeapSize                          = 268435456                                 {product} {ergonomic}
   size_t MarkStackSize                            = 4194304                                   {product} {ergonomic}
   size_t MaxHeapSize                              = 4276092928                                {product} {ergonomic}
   size_t MaxNewSize                               = 2564816896                                {product} {ergonomic}
   size_t MinHeapDeltaBytes                        = 2097152                                   {product} {ergonomic}
   size_t MinHeapSize                              = 8388608                                   {product} {ergonomic}
    uintx NonNMethodCodeHeapSize                   = 5839372                                {pd product} {ergonomic}
    uintx NonProfiledCodeHeapSize                  = 122909434                              {pd product} {ergonomic}
    uintx ProfiledCodeHeapSize                     = 122909434                              {pd product} {ergonomic}
    uintx ReservedCodeCacheSize                    = 251658240                              {pd product} {ergonomic}
     bool SegmentedCodeCache                       = true                                      {product} {ergonomic}
   size_t SoftMaxHeapSize                          = 4276092928                             {manageable} {ergonomic}
     bool UseCompressedClassPointers               = true                           {product lp64_product} {ergonomic}
     bool UseCompressedOops                        = true                           {product lp64_product} {ergonomic}
     bool UseG1GC                                  = true                                      {product} {ergonomic}
     bool UseLargePagesIndividualAllocation        = false                                  {pd product} {ergonomic}

Logging:
Log output configuration:
 #0: stdout all=warning uptime,level,tags foldmultilines=false
 #1: stderr all=off uptime,level,tags foldmultilines=false

Environment Variables:
PATH=C:\VulkanSDK\1.3.216.0\Bin;C:\Program Files\Python310\Scripts\;C:\Program Files\Python310\;C:\Program Files\Common Files\Oracle\Java\javapath;C:\Windows\system32;C:\Windows;C:\Windows\System32\Wbem;C:\Windows\System32\WindowsPowerShell\v1.0\;C:\Windows\System32\OpenSSH\;C:\Program Files\NVIDIA Corporation\NVIDIA NvDLISR;C:\Program Files (x86)\NVIDIA Corporation\PhysX\Common;C:\Program Files\WorldPainter;C:\msys64\mingw64\bin;C:\Program Files\CMake\bin;C:\Program Files\Git\cmd;C:\Program Files\dotnet\;C:\Program Files (x86)\ZeroTier\One\;C:\Program Files\nodejs\;C:\Program Files\Certbot\bin;C:\Users\fabif\.cargo\bin;C:\Users\fabif\AppData\Local\Microsoft\WindowsApps;C:\Program Files\JetBrains\IntelliJ IDEA 2022.1.2\bin;;C:\Program Files\JetBrains\IntelliJ IDEA Community Edition 2021.2.4\bin;;C:\Users\fabif\AppData\Local\Programs\Microsoft VS Code\bin;C:\mingw64\bin;C:\Users\fabif\AppData\Local\GitHubDesktop\bin;C:\Users\fabif\AppData\Local\JetBrains\Toolbox\scripts;C:\Users\fabif\.dotnet\tools;C:\Users\fabif\AppData\Roaming\npm
USERNAME=fabif
OS=Windows_NT
PROCESSOR_IDENTIFIER=AMD64 Family 25 Model 33 Stepping 0, AuthenticAMD
TMP=C:\Users\fabif\AppData\Local\Temp
TEMP=C:\Users\fabif\AppData\Local\Temp



---------------  S Y S T E M  ---------------

OS:
 Windows 10 , 64 bit Build 19041 (10.0.19041.2546)
OS uptime: 0 days 4:57 hours
Hyper-V role detected

CPU: total 12 (initial active 12) (12 cores per cpu, 2 threads per core) family 25 model 33 stepping 0 microcode 0x0, cx8, cmov, fxsr, ht, mmx, 3dnowpref, sse, sse2, sse3, ssse3, sse4a, sse4.1, sse4.2, popcnt, lzcnt, tsc, tscinvbit, avx, avx2, aes, erms, clmul, bmi1, bmi2, adx, sha, fma, vzeroupper, clflush, clflushopt, hv, rdtscp, rdpid, fsrm

Memory: 4k page, system-wide physical 16310M (4547M free)
TotalPageFile size 32182M (AvailPageFile size 15064M)
current process WorkingSet (physical memory assigned to process): 115M, peak: 118M
current process commit charge ("private bytes"): 442M, peak: 444M

vm_info: Java HotSpot(TM) 64-Bit Server VM (19.0.1+10-21) for windows-amd64 JRE (19.0.1+10-21), built on 2022-09-14T12:45:06Z by "mach5one" with MS VC++ 17.1 (VS2022)

END.
